Build started 27-11-2014 14:47:52.
     1>Project "I:\Projects\exercise-5-4\exercise-5-4\exercise-5-4.vcxproj" on node 2 (Build target(s)).
     1>ClCompile:
         C:\Program Files (x86)\Microsoft Visual Studio 11.0\VC\bin\CL.exe /c /ZI /nologo /W3 /WX- /sdl /Od /Oy- /D WIN32 /D _DEBUG /D _CONSOLE /D _UNICODE /D UNICODE /Gm /EHsc /RTC1 /MDd /GS /fp:precise /Zc:wchar_t /Zc:forScope /Yu"stdafx.h" /Fp"Debug\exercise-5-4.pch" /Fo"Debug\\" /Fd"Debug\vc110.pdb" /Gd /TP /analyze- /errorReport:prompt TourPlanner.cpp
         TourPlanner.cpp
     1>i:\projects\exercise-5-4\exercise-5-4\tourplanner.cpp(98): error C2065: 'c' : undeclared identifier
     1>i:\projects\exercise-5-4\exercise-5-4\tourplanner.cpp(99): error C2065: 'c' : undeclared identifier
     1>i:\projects\exercise-5-4\exercise-5-4\tourplanner.cpp(99): error C2065: 'a' : undeclared identifier
     1>Done Building Project "I:\Projects\exercise-5-4\exercise-5-4\exercise-5-4.vcxproj" (Build target(s)) -- FAILED.

Build FAILED.

Time Elapsed 00:00:00.68
