Build started 11.12.2014 08:55:52.
     1>Project "C:\Users\Christina\Desktop\Programming\Exercises sortiert\exercise-6-4\exercise-6-4\exercise-6-4.vcxproj" on node 2 (Build target(s)).
     1>ClCompile:
         C:\Program Files (x86)\Microsoft Visual Studio 11.0\VC\bin\CL.exe /c /ZI /nologo /W3 /WX- /sdl /Od /Oy- /D WIN32 /D _DEBUG /D _CONSOLE /D _UNICODE /D UNICODE /Gm /EHsc /RTC1 /MDd /GS /fp:precise /Zc:wchar_t /Zc:forScope /Yc"stdafx.h" /Fp"Debug\exercise-6-4.pch" /Fo"Debug\\" /Fd"Debug\vc110.pdb" /Gd /TP /analyze- /errorReport:prompt stdafx.cpp
         stdafx.cpp
         C:\Program Files (x86)\Microsoft Visual Studio 11.0\VC\bin\CL.exe /c /ZI /nologo /W3 /WX- /sdl /Od /Oy- /D WIN32 /D _DEBUG /D _CONSOLE /D _UNICODE /D UNICODE /Gm /EHsc /RTC1 /MDd /GS /fp:precise /Zc:wchar_t /Zc:forScope /Yu"stdafx.h" /Fp"Debug\exercise-6-4.pch" /Fo"Debug\\" /Fd"Debug\vc110.pdb" /Gd /TP /analyze- /errorReport:prompt "exercise-6-4.cpp" ServerSimulation.cpp
         ServerSimulation.cpp
     1>c:\users\christina\desktop\programming\exercises sortiert\exercise-6-4\exercise-6-4\serversimulation.h(32): error C2143: syntax error : missing ';' before '<'
     1>c:\users\christina\desktop\programming\exercises sortiert\exercise-6-4\exercise-6-4\serversimulation.h(32): error C4430: missing type specifier - int assumed. Note: C++ does not support default-int
     1>c:\users\christina\desktop\programming\exercises sortiert\exercise-6-4\exercise-6-4\serversimulation.h(32): error C2238: unexpected token(s) preceding ';'
         exercise-6-4.cpp
         Generating Code...
     1>Done Building Project "C:\Users\Christina\Desktop\Programming\Exercises sortiert\exercise-6-4\exercise-6-4\exercise-6-4.vcxproj" (Build target(s)) -- FAILED.

Build FAILED.

Time Elapsed 00:00:02.58
